0 silly argv {
0 silly argv   _: [ 'create' ],
0 silly argv   lernaVersion: '8.0.2',
0 silly argv   '$0': '/Users/jens/Repositories/jk-toolchain/node_modules/.bin/lerna',
0 silly argv   name: 'ep-whois'
0 silly argv }
1 notice cli v8.0.2
2 verbose packageConfigs Resolving packages based on package.json "workspaces" configuration.
3 verbose rootPath /Users/jens/Repositories/jk-toolchain
4 warn ENOREMOTE No git remote found, skipping repository property
5 error Error: canceled
5 error     at Interface.<anonymous> (/Users/jens/Repositories/jk-toolchain/node_modules/read/lib/read.js:79:15)
5 error     at Interface.emit (node:events:519:28)
5 error     at [_ttyWrite] [as _ttyWrite] (node:internal/readline/interface:1125:18)
5 error     at ReadStream.onkeypress (node:internal/readline/interface:264:20)
5 error     at ReadStream.emit (node:events:519:28)
5 error     at emitKeys (node:internal/readline/utils:371:14)
5 error     at emitKeys.next (<anonymous>)
5 error     at ReadStream.onData (node:internal/readline/emitKeypressEvents:64:36)
5 error     at ReadStream.emit (node:events:519:28)
